<?xml version="1.0" encoding="UTF-8"?>
<!-- Generated by org.testng.reporters.JUnitXMLReporter -->
<testsuite ignored="1" hostname="LAPTOP-F3ENBHRG" failures="0" tests="2" name="Test" time="0.045" errors="0" timestamp="2022-10-11T20:33:06 EDT">
  <testcase classname="com.bit.ui.SmokeTest" name="Test1" time="0.005"/>
  <testcase classname="com.bit.ui.RegTest" name="Test3" time="0.001"/>
  <testcase classname="com.bit.ui.SmokeTest" name="Test2" time="0.0">
    <ignored/>
  </testcase> <!-- Test2 -->
</testsuite> <!-- Test -->
